SF:E:\androidSDK\projects\dart\app\lib\src\states\actionsTypes.dart
DA:6,0
DA:13,0
DA:14,0
end_of_record
SF:E:\androidSDK\projects\dart\app\lib\src\states\reducers.dart
DA:7,1
DA:8,1
DA:16,1
DA:19,0
DA:20,0
DA:21,0
DA:22,0
DA:23,0
DA:25,0
DA:27,0
DA:28,0
DA:32,1
DA:34,0
DA:44,1
DA:45,1
DA:46,1
DA:48,2
DA:52,1
DA:53,1
DA:55,1
DA:59,1
DA:61,2
DA:62,6
DA:63,3
DA:64,3
DA:65,3
DA:71,1
DA:73,2
DA:74,6
DA:75,3
DA:76,3
DA:77,3
DA:83,1
DA:85,2
DA:86,6
DA:87,3
DA:88,3
DA:94,1
DA:96,2
DA:97,6
DA:98,3
DA:99,3
DA:105,1
DA:108,1
DA:117,1
DA:119,2
DA:120,5
DA:121,3
DA:122,3
DA:123,3
DA:124,3
DA:125,3
DA:126,3
DA:127,3
DA:128,3
DA:133,1
DA:135,2
DA:136,4
DA:141,1
DA:143,2
DA:144,5
DA:145,3
DA:146,3
DA:147,3
DA:148,3
DA:149,3
DA:150,3
DA:155,1
DA:157,2
DA:158,4
DA:164,1
DA:166,1
DA:168,1
DA:171,1
DA:173,2
DA:174,9
DA:175,1
DA:176,4
DA:177,4
DA:178,4
DA:184,1
DA:186,2
DA:187,9
DA:188,1
DA:189,4
DA:190,4
DA:191,4
DA:201,1
DA:202,1
DA:205,2
DA:206,1
DA:207,3
DA:208,2
DA:209,4
DA:210,4
DA:211,4
DA:212,3
DA:213,3
DA:214,3
DA:215,3
DA:216,3
DA:217,3
DA:218,3
DA:219,3
DA:220,3
DA:221,3
DA:222,3
DA:223,3
DA:224,3
DA:225,3
DA:226,3
DA:231,1
DA:234,0
DA:235,0
DA:240,1
DA:241,1
DA:244,2
DA:245,1
DA:246,3
DA:247,2
DA:248,4
DA:249,4
DA:250,4
DA:251,3
DA:252,3
DA:253,3
DA:255,1
DA:256,2
DA:258,4
DA:259,4
DA:260,4
DA:261,4
DA:266,1
DA:269,3
DA:270,5
DA:277,1
DA:280,0
DA:286,1
DA:289,3
DA:290,3
DA:297,1
DA:300,2
DA:301,1
DA:302,4
DA:303,4
DA:304,4
DA:305,1
DA:306,4
DA:307,4
DA:308,4
DA:309,1
DA:311,5
DA:312,1
DA:313,1
DA:314,3
DA:315,3
DA:316,3
DA:317,3
DA:318,2
DA:319,4
DA:320,4
DA:321,4
DA:322,1
DA:323,2
DA:324,4
DA:325,4
DA:326,4
DA:327,1
DA:328,3
DA:333,1
DA:336,0
DA:337,0
DA:342,1
DA:343,1
DA:346,2
DA:347,9
DA:348,3
DA:349,3
DA:350,3
DA:351,3
DA:352,2
DA:353,4
DA:354,4
DA:355,2
DA:356,5
DA:357,5
DA:358,5
DA:364,1
DA:367,2
DA:368,8
DA:373,1
DA:376,0
DA:381,1
DA:382,1
DA:386,2
DA:387,5
DA:388,3
DA:389,3
DA:390,3
DA:391,3
DA:392,3
DA:393,3
DA:400,1
DA:403,2
DA:404,4
end_of_record
SF:E:\androidSDK\projects\dart\app\lib\src\states\shoppingCart\ShoppingCartState.dart
DA:54,0
DA:55,0
DA:56,0
DA:57,0
DA:58,0
DA:59,0
DA:60,0
DA:61,0
DA:62,0
DA:63,0
DA:64,0
DA:96,0
DA:97,0
DA:98,0
DA:99,0
DA:100,0
DA:101,0
DA:102,0
end_of_record
SF:E:\androidSDK\projects\dart\app\lib\src\components\UserManager.dart
DA:32,2
DA:33,3
DA:40,1
DA:42,2
DA:46,1
DA:47,1
DA:48,1
DA:50,1
DA:51,1
DA:52,1
DA:53,1
DA:56,2
DA:57,2
DA:58,1
DA:59,4
DA:61,1
DA:62,5
DA:64,0
DA:65,0
DA:66,0
DA:67,0
DA:68,0
DA:69,0
DA:70,0
DA:73,6
DA:74,1
DA:75,1
DA:76,1
DA:77,1
DA:78,1
DA:79,1
DA:83,5
DA:85,1
DA:87,0
DA:94,0
DA:96,0
DA:98,0
DA:100,0
DA:102,0
DA:105,0
DA:112,0
DA:116,2
DA:117,1
DA:121,1
DA:122,1
DA:123,2
DA:124,2
DA:125,2
DA:126,2
DA:127,2
DA:129,1
DA:130,3
DA:131,3
DA:132,1
DA:133,2
DA:134,2
DA:135,1
DA:136,2
DA:137,2
DA:141,1
DA:142,3
DA:143,3
DA:144,1
DA:145,2
DA:146,2
DA:147,2
DA:148,1
DA:149,2
DA:150,2
DA:151,2
DA:157,1
DA:158,2
DA:161,1
DA:162,3
DA:165,3
DA:166,4
DA:168,6
DA:169,5
DA:170,2
DA:171,1
DA:172,1
DA:173,2
DA:174,2
DA:175,2
DA:176,1
DA:178,0
DA:184,2
DA:185,1
DA:190,0
DA:195,1
DA:196,3
DA:199,3
DA:200,5
DA:202,6
DA:203,5
DA:204,2
DA:205,2
DA:206,1
DA:207,2
DA:208,2
DA:209,2
DA:210,1
DA:212,0
DA:218,2
DA:219,1
DA:224,0
DA:229,1
DA:230,3
DA:233,3
DA:234,4
DA:236,6
DA:237,3
DA:238,1
DA:239,1
DA:240,1
DA:243,2
DA:244,1
DA:245,1
DA:246,2
DA:247,2
DA:248,2
DA:249,2
DA:250,1
DA:252,0
DA:258,3
DA:263,0
DA:268,1
DA:269,3
DA:272,3
DA:273,4
DA:275,6
DA:276,3
DA:277,1
DA:278,1
DA:279,1
DA:282,2
DA:283,2
DA:284,1
DA:285,2
DA:286,2
DA:287,2
DA:288,2
DA:289,1
DA:291,0
DA:297,3
DA:302,0
DA:307,0
DA:308,0
DA:311,1
DA:312,3
DA:314,2
DA:315,3
DA:316,2
DA:317,3
DA:321,0
DA:323,0
DA:329,0
DA:335,0
DA:336,0
DA:339,0
DA:340,0
DA:341,0
DA:343,0
end_of_record
SF:E:\androidSDK\projects\dart\app\lib\src\components\InstantMessanger.dart
DA:19,2
DA:20,3
DA:21,3
DA:24,1
DA:25,3
DA:28,2
DA:30,3
DA:31,1
DA:33,1
DA:34,1
DA:35,1
DA:36,1
DA:37,1
DA:38,2
DA:39,2
DA:40,2
DA:43,1
DA:44,4
DA:45,2
DA:46,2
DA:47,2
DA:52,2
DA:54,0
DA:61,1
DA:63,3
DA:66,0
DA:67,0
DA:71,1
DA:72,1
DA:73,2
DA:74,2
DA:75,2
DA:76,2
DA:77,2
DA:79,1
DA:80,2
DA:81,3
DA:82,3
DA:83,3
DA:85,1
DA:86,3
DA:87,3
DA:88,1
DA:89,2
DA:90,2
DA:91,2
DA:92,0
DA:93,0
DA:94,0
DA:95,0
DA:102,1
DA:103,1
DA:104,2
DA:105,2
DA:106,2
DA:107,2
DA:108,2
DA:109,2
DA:113,1
DA:114,2
DA:115,3
DA:116,3
DA:117,3
DA:123,1
DA:125,5
DA:126,5
DA:128,0
DA:134,3
DA:137,0
DA:142,0
DA:143,1
DA:146,6
DA:148,1
DA:149,1
DA:150,1
DA:151,1
DA:152,1
DA:153,1
DA:154,2
DA:155,2
DA:156,2
DA:178,5
DA:180,0
DA:183,0
DA:186,1
DA:187,3
DA:190,0
DA:195,1
DA:197,5
DA:198,5
DA:201,0
DA:206,3
DA:209,0
DA:214,1
DA:218,5
DA:220,2
DA:221,2
DA:222,1
DA:223,3
DA:224,2
DA:225,2
DA:226,2
DA:227,2
DA:231,0
DA:236,2
DA:237,2
DA:238,1
DA:239,3
DA:240,1
DA:241,1
DA:242,2
DA:243,2
DA:245,2
DA:246,1
DA:249,0
DA:254,1
DA:255,1
DA:256,1
DA:257,2
DA:258,2
DA:259,2
DA:260,1
DA:261,2
DA:262,2
DA:263,2
DA:267,1
DA:271,5
DA:273,2
DA:274,2
DA:275,1
DA:276,3
DA:277,2
DA:278,2
DA:279,2
DA:280,2
DA:284,0
DA:289,2
DA:290,2
DA:291,1
DA:292,3
DA:293,1
DA:294,1
DA:295,2
DA:296,2
DA:298,3
DA:302,0
DA:307,0
DA:308,0
DA:309,0
DA:310,0
DA:311,0
DA:313,0
end_of_record
SF:E:\androidSDK\projects\dart\app\lib\src\components\ShoppingCart.dart
DA:9,2
DA:11,1
DA:12,3
DA:15,1
DA:16,3
DA:19,0
DA:20,0
DA:23,1
DA:24,3
DA:27,1
DA:28,3
DA:31,1
DA:32,3
DA:35,0
DA:36,0
DA:39,1
DA:40,3
DA:43,1
DA:44,1
DA:45,2
DA:46,2
DA:47,2
DA:48,2
DA:49,2
DA:50,2
DA:51,2
DA:52,2
DA:55,1
DA:56,3
DA:59,0
DA:60,0
DA:63,1
DA:64,3
DA:67,1
DA:68,3
DA:71,1
DA:72,3
DA:75,0
DA:76,1
DA:77,3
DA:80,1
DA:81,3
DA:84,1
DA:85,3
end_of_record
SF:E:\androidSDK\projects\dart\app\lib\src\states\actionsTypes.dart
DA:6,2
DA:13,0
DA:14,0
end_of_record
